<?xml version="1.0" encoding="UTF-8"?>
<testng-results ignored="0" total="1" passed="1" failed="0" skipped="0">
  <reporter-output>
  </reporter-output>
  <suite started-at="2025-08-29T11:47:16 CDT" name="Default suite" finished-at="2025-08-29T11:47:21 CDT" duration-ms="5165">
    <groups>
    </groups>
    <test started-at="2025-08-29T11:47:16 CDT" name="Default test" finished-at="2025-08-29T11:47:21 CDT" duration-ms="5165">
      <class name="Tests.LoginTest">
        <test-method is-config="true" signature="setup()[pri:0, instance:Tests.LoginTest@51c668e3]" started-at="2025-08-29T11:47:16 CDT" name="setup" finished-at="2025-08-29T11:47:19 CDT" duration-ms="3108" status="PASS">
          <reporter-output>
          </reporter-output>
        </test-method> <!-- setup -->
        <test-method signature="testValidLogin()[pri:0, instance:Tests.LoginTest@51c668e3]" started-at="2025-08-29T11:47:19 CDT" name="testValidLogin" finished-at="2025-08-29T11:47:21 CDT" duration-ms="2001" status="PASS">
          <reporter-output>
          </reporter-output>
        </test-method> <!-- testValidLogin -->
        <test-method is-config="true" signature="teardown()[pri:0, instance:Tests.LoginTest@51c668e3]" started-at="2025-08-29T11:47:21 CDT" name="teardown" finished-at="2025-08-29T11:47:21 CDT" duration-ms="0" status="PASS">
          <reporter-output>
          </reporter-output>
        </test-method> <!-- teardown -->
      </class> <!-- Tests.LoginTest -->
    </test> <!-- Default test -->
  </suite> <!-- Default suite -->
</testng-results>
